<?xml version="1.0" encoding="UTF-8"?>
<!-- Generated by org.testng.reporters.JUnitReportReporter -->
<testsuite hostname="LOXTIPL00004990" failures="0" tests="6" name="TestSuite.HouseSelection" time="0.057" errors="0" timestamp="2021-06-13T23:55:29 IST" skipped="0">
  <testcase classname="TestSuite.HouseSelection" name="Test01_ValidValues" time="0.033"/>
  <system-out/>
  <testcase classname="TestSuite.HouseSelection" name="Test02_DuplicateRullNum" time="0.006"/>
  <system-out/>
  <testcase classname="TestSuite.HouseSelection" name="Test03_InvalidValues" time="0.004"/>
  <system-out/>
  <testcase classname="TestSuite.HouseSelection" name="Test04_ClassValidation" time="0.005"/>
  <system-out/>
  <testcase classname="TestSuite.HouseSelection" name="Test05_FoodTypeValidation" time="0.004"/>
  <system-out/>
  <testcase classname="TestSuite.HouseSelection" name="Test06_AlternateInvalidValues" time="0.005"/>
  <system-out/>
</testsuite> <!-- TestSuite.HouseSelection -->
